Determining if the pthread_create exist failed with the following output:
Change Dir: /home/dxq/TestSingle/build/CMakeFiles/CMakeTmp

Run Build Command:/usr/bin/make "cmTryCompileExec614371469/fast"
/usr/bin/make -f CMakeFiles/cmTryCompileExec614371469.dir/build.make CMakeFiles/cmTryCompileExec614371469.dir/build
make[1]: Entering directory `/home/dxq/TestSingle/build/CMakeFiles/CMakeTmp'
/usr/bin/cmake -E cmake_progress_report /home/dxq/TestSingle/build/CMakeFiles/CMakeTmp/CMakeFiles 1
Building C object CMakeFiles/cmTryCompileExec614371469.dir/CheckSymbolExists.c.o
/usr/bin/cc    -o CMakeFiles/cmTryCompileExec614371469.dir/CheckSymbolExists.c.o   -c /home/dxq/TestSingle/build/CMakeFiles/CMakeTmp/CheckSymbolExists.c
Linking C executable cmTryCompileExec614371469
/usr/bin/cmake -E cmake_link_script CMakeFiles/cmTryCompileExec614371469.dir/link.txt --verbose=1
/usr/bin/cc       CMakeFiles/cmTryCompileExec614371469.dir/CheckSymbolExists.c.o  -o cmTryCompileExec614371469 -rdynamic 
CMakeFiles/cmTryCompileExec614371469.dir/CheckSymbolExists.c.o: In function `main':
CheckSymbolExists.c:(.text+0x16): undefined reference to `pthread_create'
collect2: error: ld returned 1 exit status
make[1]: Leaving directory `/home/dxq/TestSingle/build/CMakeFiles/CMakeTmp'
make[1]: *** [cmTryCompileExec614371469] Error 1
make: *** [cmTryCompileExec614371469/fast] Error 2

File /home/dxq/TestSingle/build/CMakeFiles/CMakeTmp/CheckSymbolExists.c:
/* */
#include <pthread.h>

int main(int argc, char** argv)
{
  (void)argv;
#ifndef pthread_create
  return ((int*)(&pthread_create))[argc];
#else
  (void)argc;
  return 0;
#endif
}

Determining if the function pthread_create exists in the pthreads failed with the following output:
Change Dir: /home/dxq/TestSingle/build/CMakeFiles/CMakeTmp

Run Build Command:/usr/bin/make "cmTryCompileExec4275291996/fast"
/usr/bin/make -f CMakeFiles/cmTryCompileExec4275291996.dir/build.make CMakeFiles/cmTryCompileExec4275291996.dir/build
make[1]: Entering directory `/home/dxq/TestSingle/build/CMakeFiles/CMakeTmp'
/usr/bin/cmake -E cmake_progress_report /home/dxq/TestSingle/build/CMakeFiles/CMakeTmp/CMakeFiles 1
Building C object CMakeFiles/cmTryCompileExec4275291996.dir/CheckFunctionExists.c.o
/usr/bin/cc   -DCHECK_FUNCTION_EXISTS=pthread_create   -o CMakeFiles/cmTryCompileExec4275291996.dir/CheckFunctionExists.c.o   -c /usr/share/cmake-2.8/Modules/CheckFunctionExists.c
Linking C executable cmTryCompileExec4275291996
/usr/bin/cmake -E cmake_link_script CMakeFiles/cmTryCompileExec4275291996.dir/link.txt --verbose=1
/usr/bin/cc   -DCHECK_FUNCTION_EXISTS=pthread_create    CMakeFiles/cmTryCompileExec4275291996.dir/CheckFunctionExists.c.o  -o cmTryCompileExec4275291996 -rdynamic -lpthreads 
/usr/bin/ld: cannot find -lpthreads
collect2: error: ld returned 1 exit status
make[1]: Leaving directory `/home/dxq/TestSingle/build/CMakeFiles/CMakeTmp'
make[1]: *** [cmTryCompileExec4275291996] Error 1
make: *** [cmTryCompileExec4275291996/fast] Error 2


